<?xml version="1.0" encoding="UTF-8"?>
<!-- Generated by org.testng.reporters.JUnitXMLReporter -->
<testsuite ignored="0" hostname="Atul_Kumar" failures="1" tests="1" name="end to end framework test" time="88.515" errors="0" timestamp="2024-08-28T11:27:12 IST">
  <testcase classname="org.MobileApplication.AppiumBasics" name="AppiumTest" time="67.007">
    <failure type="java.lang.ClassCastException" message="class jdk.proxy2.$Proxy13 cannot be cast to class org.openqa.selenium.remote.RemoteWebElement (jdk.proxy2.$Proxy13 is in module jdk.proxy2 of loader &amp;apos;app&amp;apos;; org.openqa.selenium.remote.RemoteWebElement is in unnamed module of loader &amp;apos;app&amp;apos;)">
      <![CDATA[java.lang.ClassCastException: class jdk.proxy2.$Proxy13 cannot be cast to class org.openqa.selenium.remote.RemoteWebElement (jdk.proxy2.$Proxy13 is in module jdk.proxy2 of loader 'app'; org.openqa.selenium.remote.RemoteWebElement is in unnamed module of loader 'app')
at org.MobileApplication.utils.ActionClass.longPress(ActionClass.java:22)
at org.MobileApplication.PageObject.android.CartPage.acceptTermCondition(CartPage.java:75)
at org.MobileApplication.AppiumBasics.AppiumTest(AppiumBasics.java:46)
at java.base/java.util.ArrayList.forEach(ArrayList.java:1597)
... Removed 25 stack frames]]>
    </failure>
  </testcase> <!-- AppiumTest -->
</testsuite> <!-- end to end framework test -->
