<?xml version="1.0" encoding="UTF-8"?>
<testng-results ignored="0" total="1" passed="0" failed="1" skipped="0">
  <reporter-output>
  </reporter-output>
  <suite started-at="2024-08-28T11:25:43 IST" name="Suite" finished-at="2024-08-28T11:27:12 IST" duration-ms="88515">
    <groups>
    </groups>
    <test started-at="2024-08-28T11:25:43 IST" name="end to end framework test" finished-at="2024-08-28T11:27:12 IST" duration-ms="88515">
      <class name="org.MobileApplication.AppiumBasics">
        <test-method is-config="true" signature="configureAppium()[pri:0, instance:org.MobileApplication.AppiumBasics@4b2bac3f]" started-at="2024-08-28T11:25:43 IST" name="configureAppium" finished-at="2024-08-28T11:26:03 IST" duration-ms="20374" status="PASS">
          <reporter-output>
          </reporter-output>
        </test-method> <!-- configureAppium -->
        <test-method signature="AppiumTest(java.lang.String,java.lang.String,java.lang.String,java.lang.String)[pri:0, instance:org.MobileApplication.AppiumBasics@4b2bac3f]" started-at="2024-08-28T11:26:03 IST" name="AppiumTest" data-provider="getData" finished-at="2024-08-28T11:27:10 IST" duration-ms="67007" status="FAIL">
          <params>
            <param index="0">
              <value>
                <![CDATA[GeneralStore]]>
              </value>
            </param>
            <param index="1">
              <value>
                <![CDATA[Brazil]]>
              </value>
            </param>
            <param index="2">
              <value>
                <![CDATA[Atul Kumar]]>
              </value>
            </param>
            <param index="3">
              <value>
                <![CDATA[male]]>
              </value>
            </param>
          </params>
          <exception class="java.lang.ClassCastException">
            <message>
              <![CDATA[class jdk.proxy2.$Proxy13 cannot be cast to class org.openqa.selenium.remote.RemoteWebElement (jdk.proxy2.$Proxy13 is in module jdk.proxy2 of loader 'app'; org.openqa.selenium.remote.RemoteWebElement is in unnamed module of loader 'app')]]>
            </message>
            <full-stacktrace>
              <![CDATA[java.lang.ClassCastException: class jdk.proxy2.$Proxy13 cannot be cast to class org.openqa.selenium.remote.RemoteWebElement (jdk.proxy2.$Proxy13 is in module jdk.proxy2 of loader 'app'; org.openqa.selenium.remote.RemoteWebElement is in unnamed module of loader 'app')
at org.MobileApplication.utils.ActionClass.longPress(ActionClass.java:22)
at org.MobileApplication.PageObject.android.CartPage.acceptTermCondition(CartPage.java:75)
at org.MobileApplication.AppiumBasics.AppiumTest(AppiumBasics.java:46)
at java.base/jdk.internal.reflect.DirectMethodHandleAccessor.invoke(DirectMethodHandleAccessor.java:103)
at java.base/java.lang.reflect.Method.invoke(Method.java:580)
at org.testng.internal.invokers.MethodInvocationHelper.invokeMethod(MethodInvocationHelper.java:141)
at org.testng.internal.invokers.TestInvoker.invokeMethod(TestInvoker.java:686)
at org.testng.internal.invokers.TestInvoker.invokeTestMethod(TestInvoker.java:230)
at org.testng.internal.invokers.MethodRunner.runInSequence(MethodRunner.java:63)
at org.testng.internal.invokers.TestInvoker$MethodInvocationAgent.invoke(TestInvoker.java:992)
at org.testng.internal.invokers.TestInvoker.invokeTestMethods(TestInvoker.java:203)
at org.testng.internal.invokers.TestMethodWorker.invokeTestMethods(TestMethodWorker.java:154)
at org.testng.internal.invokers.TestMethodWorker.run(TestMethodWorker.java:134)
at java.base/java.util.ArrayList.forEach(ArrayList.java:1597)
at org.testng.TestRunner.privateRun(TestRunner.java:739)
at org.testng.TestRunner.run(TestRunner.java:614)
at org.testng.SuiteRunner.runTest(SuiteRunner.java:421)
at org.testng.SuiteRunner.runSequentially(SuiteRunner.java:413)
at org.testng.SuiteRunner.privateRun(SuiteRunner.java:373)
at org.testng.SuiteRunner.run(SuiteRunner.java:312)
at org.testng.SuiteRunnerWorker.runSuite(SuiteRunnerWorker.java:52)
at org.testng.SuiteRunnerWorker.run(SuiteRunnerWorker.java:95)
at org.testng.TestNG.runSuitesSequentially(TestNG.java:1274)
at org.testng.TestNG.runSuitesLocally(TestNG.java:1208)
at org.testng.TestNG.runSuites(TestNG.java:1112)
at org.testng.TestNG.run(TestNG.java:1079)
at org.testng.remote.AbstractRemoteTestNG.run(AbstractRemoteTestNG.java:115)
at org.testng.remote.RemoteTestNG.initAndRun(RemoteTestNG.java:293)
at org.testng.remote.RemoteTestNG.main(RemoteTestNG.java:91)
]]>
            </full-stacktrace>
          </exception> <!-- java.lang.ClassCastException -->
          <reporter-output>
          </reporter-output>
        </test-method> <!-- AppiumTest -->
        <test-method is-config="true" signature="tearDown()[pri:0, instance:org.MobileApplication.AppiumBasics@4b2bac3f]" started-at="2024-08-28T11:27:10 IST" name="tearDown" finished-at="2024-08-28T11:27:12 IST" duration-ms="1055" status="PASS">
          <reporter-output>
          </reporter-output>
        </test-method> <!-- tearDown -->
      </class> <!-- org.MobileApplication.AppiumBasics -->
    </test> <!-- end to end framework test -->
  </suite> <!-- Suite -->
</testng-results>
